<?xml version="1.0" encoding="UTF-8"?>
<testsuite xmlns:xsi="http://www.w3.org/2001/XMLSchema-instance" xsi:noNamespaceSchemaLocation="https://maven.apache.org/surefire/maven-surefire-plugin/xsd/surefire-test-report-3.0.xsd" version="3.0" name="com.zensar.my_app.MyAppApplicationTests" time="6.935" tests="1" errors="0" skipped="0" failures="0">
  <properties>
[...]
</properties>
  <testcase name="contextLoads" classname="com.zensar.my_app.MyAppApplicationTests" time="2.82">
    <system-out><![CDATA[11:27:49.130 [main] INFO org.springframework.test.context.support.AnnotationConfigContextLoaderUtils -- Could not detect default configuration classes for test class [com.zensar.my_app.MyAppApplicationTests]: MyAppApplicationTests does not declare any static, non-private, non-final, nested classes annotated with @Configuration.
11:27:49.342 [main] INFO org.springframework.boot.test.context.SpringBootTestContextBootstrapper -- Found @SpringBootConfiguration com.zensar.my_app.MyAppApplication for test class com.zensar.my_app.MyAppApplicationTests

  .   ____          _            __ _ _
 /\\ / ___'_ __ _ _(_)_ __  __ _ \ \ \ \
( ( )\___ | '_ | '_| | '_ \/ _` | \ \ \ \
 \\/  ___)| |_)| | | | | || (_| |  ) ) ) )
  '  |____| .__|_| |_|_| |_\__, | / / / /
 =========|_|==============|___/=/_/_/_/

 :: Spring Boot ::                (v3.3.5)

2025-03-13T11:27:50.512+05:30  INFO 22288 --- [my-app] [           main] c.zensar.my_app.MyAppApplicationTests    : Starting MyAppApplicationTests using Java 17.0.7 with PID 22288 (started by SR43993 in C:\Users\SR43993\Downloads\my-app\my-app)
2025-03-13T11:27:50.516+05:30  INFO 22288 --- [my-app] [           main] c.zensar.my_app.MyAppApplicationTests    : No active profile set, falling back to 1 default profile: "default"
2025-03-13T11:27:52.881+05:30  INFO 22288 --- [my-app] [           main] c.zensar.my_app.MyAppApplicationTests    : Started MyAppApplicationTests in 3.24 seconds (process running for 5.342)
]]></system-out>
  </testcase>
</testsuite>